2025-09-21 20:04:02,816 - INFO - live.py:86 - 等待10秒
2025-09-21 20:04:42,994 - INFO - live.py:56 - 上播
2025-09-21 20:04:43,150 - INFO - live.py:75 - 执行命令: python send_qq.py -t "\u3010\u76f4\u64ad\u901a\u77e5\u3011\n\u5c0f\u67d4Channel\u5f00\u64ad\u5566~\n[\u6211\u8981\u5531\u6b4c\u54c7]\n\u76f4\u64ad\u5730\u5740\uff1ahttps://live.bilibili.com/22696954" -p https://i0.hdslb.com/bfs/live/new_room_cover/de1243c0fe1a11945fb68f13f244035b734083dc.jpg
2025-09-21 20:04:44,753 - INFO - live.py:77 - 命令执行完毕
2025-09-21 20:04:44,754 - INFO - live.py:86 - 等待10秒
2025-09-21 20:05:22,705 - INFO - live.py:48 - 下播
2025-09-21 20:05:22,833 - INFO - live.py:75 - 执行命令: python send_qq.py -t "\u3010\u4e0b\u64ad\u901a\u77e5\u3011\n\u6cfd\u6751\u5343\u97ff\u4e0b\u64ad\u5566\uff01\n\u8001\u5e74\u4eba\u76f4\u64ad\u95f4\n\u76f4\u64ad\u5730\u5740\uff1ahttps://live.bilibili.com/30690803" -p https://i0.hdslb.com/bfs/live/new_room_cover/7fced321df91b3fc3a6435014e798b90abea68c6.jpg -a 0
2025-09-21 20:05:23,675 - INFO - live.py:77 - 命令执行完毕
2025-09-21 20:05:23,676 - INFO - live.py:86 - 等待10秒
2025-09-21 20:05:42,457 - INFO - live.py:56 - 上播
2025-09-21 20:05:42,597 - INFO - live.py:75 - 执行命令: python send_qq.py -t "\u3010\u76f4\u64ad\u901a\u77e5\u3011\n\u5c0f\u67d4Channel\u5f00\u64ad\u5566~\n[\u6211\u8981\u5531\u6b4c\u54c7]\n\u76f4\u64ad\u5730\u5740\uff1ahttps://live.bilibili.com/22696954" -p https://i0.hdslb.com/bfs/live/new_room_cover/de1243c0fe1a11945fb68f13f244035b734083dc.jpg
2025-09-21 20:05:44,173 - INFO - live.py:77 - 命令执行完毕
2025-09-21 20:05:44,173 - INFO - live.py:86 - 等待10秒
2025-09-21 20:08:13,566 - INFO - live.py:86 - 等待10秒
2025-09-21 20:08:42,984 - INFO - live.py:56 - 上播
2025-09-21 20:08:43,112 - INFO - live.py:75 - 执行命令: python send_qq.py -t "\u3010\u76f4\u64ad\u901a\u77e5\u3011\n\u54b2\u95f4\u59ae\u5a1cOfficial\u5f00\u64ad\u5566~\n[\u59ae\u59ae\u964d\u4e34]\n\u76f4\u64ad\u5730\u5740\uff1ahttps://live.bilibili.com/22566228" -p https://i0.hdslb.com/bfs/live/new_room_cover/e3df9db24a53a5a164facca6abcc2ae576f0ef37.jpg
2025-09-21 20:08:44,655 - INFO - live.py:77 - 命令执行完毕
2025-09-21 20:08:44,656 - INFO - live.py:86 - 等待10秒
2025-09-21 20:09:01,633 - INFO - live.py:56 - 上播
2025-09-21 20:09:01,768 - INFO - live.py:75 - 执行命令: python send_qq.py -t "\u3010\u76f4\u64ad\u901a\u77e5\u3011\n\u5c0f\u67d4Channel\u5f00\u64ad\u5566~\n[\u6211\u8981\u5531\u6b4c\u54c7]\n\u76f4\u64ad\u5730\u5740\uff1ahttps://live.bilibili.com/22696954" -p https://i0.hdslb.com/bfs/live/new_room_cover/de1243c0fe1a11945fb68f13f244035b734083dc.jpg
2025-09-21 20:09:03,326 - INFO - live.py:77 - 命令执行完毕
2025-09-21 20:09:03,328 - INFO - live.py:86 - 等待10秒
